 mcnp     ver=5    , ld=04052013  09/10/13 13:02:39                   
          Thread Name & Version = MCNP5, 1.60
          Copyright LANS/LANL/DOE - see output file
                                  _                                      
            ._ _    _  ._   ._   |_                                      
            | | |  (_  | |  |_)   _)                                     
                            |                                            
  
  warning.  universe map (print table 128) disabled.                                                                     
 
  comment.  total fission nubar data are being used.                                                                     
  warning.    8016.31c and   8016.40c are both called for.                                                               
  warning.    8017.31c and   8017.40c are both called for.                                                               
  warning.   92235.31c and  92235.40c are both called for.                                                               
  warning.   92238.31c and  92238.40c are both called for.                                                               
  warning.    4 materials had unnormalized fractions. print table 40.                                                    
 comment. using random number generator  1, initial seed = 19073486328125      
 imcn   is done

  warning.  multi-temperature treatment used for neutron unresolved.                                                     
  comment.     8 cross sections modified by free gas thermal treatment.                                                  

                              ctm =        0.00   nrn =                 0
 dump    1 on file i_r   nps =           0   coll =                0

 source distribution written to file i_s        cycle=     0
 xact   is done

 cp0 =   0.01

 comment.
 comment. entropy of the fission source distribution will be computed
 comment.
 comment. the mesh for source entropy is based on the site coordinates
 comment.   using  4 x  4 x  4 =    64  mesh cells
 comment.
 comment.     Xmin= -1.4958E+00     Xmax=  1.4845E+00
 comment.     Ymin= -1.4963E+00     Ymax=  1.4746E+00
 comment.     Zmin= -6.3001E+01     Zmax=  6.7780E+01
 comment.
 comment. the mesh will be automatically expanded if necessary to
 comment.   encompass the entire fission source distribution
 comment.


 cycle    k(col)       ctm   entropy    active     k(col)    std dev        fom
     1   0.47953      0.01  3.39E+00
     2   0.48608      0.01  3.47E+00
     3   0.47417      0.01  3.60E+00
     4   0.46040      0.02  3.64E+00
     5   0.47017      0.03  3.72E+00
     6   0.47331      0.03  3.77E+00
     7   0.47327      0.04  3.75E+00
     8   0.44941      0.04  3.74E+00
     9   0.46025      0.05  3.74E+00
    10   0.43068      0.05  3.71E+00
    11   0.45772      0.06  3.76E+00
    12   0.44831      0.06  3.74E+00
    13   0.46321      0.07  3.71E+00
    14   0.45562      0.07  3.71E+00
    15   0.45624      0.08  3.76E+00
    16   0.48522      0.09  3.80E+00
    17   0.47786      0.09  3.78E+00
    18   0.46427      0.10  3.72E+00
    19   0.46272      0.10  3.71E+00
    20   0.43493      0.11  3.82E+00
 ********************  begin active keff cycles  *********************
    21   0.44092      0.11  3.78E+00
    22   0.48134      0.12  3.81E+00         2    0.46113    0.02021      37910
    23   0.44614      0.13  3.84E+00         3    0.45614    0.01269      60916
    24   0.42022      0.14  3.84E+00         4    0.44716    0.01269      44098
    25   0.44410      0.14  3.82E+00         5    0.44655    0.00985      58577
    26   0.45193      0.15  3.83E+00         6    0.44744    0.00809      72064
    27   0.45181      0.16  3.75E+00         7    0.44807    0.00687      85773
    28   0.45109      0.17  3.76E+00         8    0.44844    0.00596      99633
    29   0.46319      0.17  3.83E+00         9    0.45008    0.00551     105146
    30   0.45261      0.18  3.76E+00        10    0.45034    0.00493     117544
    31   0.46499      0.19  3.71E+00        11    0.45167    0.00466     120554
    32   0.45729      0.19  3.82E+00        12    0.45214    0.00428     130116
    33   0.47509      0.20  3.77E+00        13    0.45390    0.00431     119268
    34   0.45406      0.21  3.81E+00        14    0.45391    0.00399     129405
    35   0.45394      0.22  3.79E+00        15    0.45392    0.00372     139714
    36   0.45944      0.22  3.81E+00        16    0.45426    0.00349     148440
    37   0.44923      0.23  3.74E+00        17    0.45396    0.00329     156836
    38   0.46183      0.24  3.69E+00        18    0.45440    0.00314     163621
    39   0.44634      0.24  3.75E+00        19    0.45398    0.00300     169116
    40   0.45803      0.25  3.75E+00        20    0.45418    0.00285     177942
    41   0.45719      0.26  3.69E+00        21    0.45432    0.00272     186819
    42   0.46751      0.26  3.71E+00        22    0.45492    0.00266     187067
    43   0.46902      0.27  3.69E+00        23    0.45554    0.00261     185741
    44   0.45908      0.28  3.73E+00        24    0.45568    0.00251     193618
    45   0.47198      0.29  3.73E+00        25    0.45634    0.00249     188644
    46   0.46160      0.29  3.78E+00        26    0.45654    0.00240     195128
    47   0.45995      0.30  3.71E+00        27    0.45666    0.00231     202365
    48   0.46077      0.31  3.70E+00        28    0.45681    0.00223     208609
    49   0.44447      0.32  3.76E+00        29    0.45639    0.00220     207995
    50   0.46591      0.32  3.71E+00        30    0.45670    0.00215     211085
    51   0.47490      0.33  3.78E+00        31    0.45729    0.00216     202118
    52   0.47693      0.34  3.69E+00        32    0.45790    0.00218     192754
    53   0.45917      0.34  3.75E+00        33    0.45794    0.00211     199027
    54   0.45576      0.35  3.84E+00        34    0.45788    0.00205     205466
    55   0.43585      0.36  3.81E+00        35    0.45725    0.00209     191971
    56   0.41980      0.37  3.72E+00        36    0.45621    0.00228     156059
    57   0.48410      0.37  3.84E+00        37    0.45696    0.00234     144424
    58   0.44472      0.38  3.81E+00        38    0.45664    0.00230     144609
    59   0.47106      0.39  3.74E+00        39    0.45701    0.00227     144869
    60   0.44446      0.40  3.78E+00        40    0.45670    0.00224     145402
    61   0.45232      0.40  3.83E+00        41    0.45659    0.00218     148825
    62   0.46580      0.41  3.75E+00        42    0.45681    0.00214     150874
    63   0.46804      0.42  3.80E+00        43    0.45707    0.00211     152115
    64   0.44782      0.42  3.75E+00        44    0.45686    0.00207     153984
    65   0.45683      0.43  3.76E+00        45    0.45686    0.00202     157655
    66   0.45292      0.44  3.80E+00        46    0.45677    0.00198     161030
    67   0.44837      0.45  3.81E+00        47    0.45659    0.00195     163145
    68   0.45140      0.45  3.79E+00        48    0.45649    0.00191     166161
    69   0.44382      0.46  3.88E+00        49    0.45623    0.00189     166436
    70   0.43881      0.47  3.79E+00        50    0.45588    0.00188     163874
    71   0.46256      0.47  3.81E+00        51    0.45601    0.00185     166489
    72   0.46231      0.48  3.68E+00        52    0.45613    0.00182     169196
    73   0.48125      0.49  3.69E+00        53    0.45661    0.00184     161497
    74   0.46640      0.50  3.71E+00        54    0.45679    0.00182     163023
    75   0.44564      0.50  3.72E+00        55    0.45658    0.00180     163798
    76   0.47761      0.51  3.72E+00        56    0.45696    0.00180     159854
    77   0.47166      0.52  3.72E+00        57    0.45722    0.00179     159345
    78   0.47207      0.52  3.70E+00        58    0.45747    0.00178     158845
    79   0.46394      0.53  3.74E+00        59    0.45758    0.00175     160968
    80   0.45329      0.54  3.70E+00        60    0.45751    0.00172     163379
    81   0.47385      0.55  3.67E+00        61    0.45778    0.00172     162116
    82   0.45871      0.55  3.78E+00        62    0.45779    0.00169     164715
    83   0.47415      0.56  3.76E+00        63    0.45805    0.00168     163752
    84   0.46701      0.57  3.75E+00        64    0.45819    0.00166     165262
    85   0.45095      0.58  3.80E+00        65    0.45808    0.00164     167050
    86   0.47186      0.58  3.79E+00        66    0.45829    0.00163     167090
    87   0.46786      0.59  3.72E+00        67    0.45843    0.00161     168333
    88   0.43890      0.60  3.74E+00        68    0.45815    0.00161     165286
    89   0.44857      0.60  3.76E+00        69    0.45801    0.00159     166556
    90   0.45529      0.61  3.73E+00        70    0.45797    0.00157     168914
    91   0.44256      0.62  3.75E+00        71    0.45775    0.00156     167764
    92   0.44872      0.63  3.69E+00        72    0.45763    0.00155     169013
    93   0.45096      0.63  3.69E+00        73    0.45754    0.00153     170623
    94   0.45633      0.64  3.75E+00        74    0.45752    0.00151     172915
    95   0.40339      0.65  3.70E+00        75    0.45680    0.00165     141386
    96   0.45062      0.66  3.81E+00        76    0.45672    0.00163     142925
    97   0.46044      0.66  3.77E+00        77    0.45676    0.00161     144556
    98   0.44204      0.67  3.71E+00        78    0.45658    0.00160     144344
    99   0.47951      0.68  3.75E+00        79    0.45687    0.00161     141641
   100   0.45616      0.68  3.78E+00        80    0.45686    0.00159     143331

 source distribution written to file i_s        cycle=   100
 run terminated when     100 kcode cycles were done.

 =====>       4.37 M neutrons/hr    (based on wall-clock time in mcrun)


 comment.
 comment. Average fission-source entropy for the last half of cycles:
 comment.      H=  3.75E+00  with population std.dev.=  4.69E-02
 comment.
 comment.
 comment. Cycle    5 is the first cycle having fission-source
 comment.   entropy within 1 std.dev. of the average
 comment.   entropy for the last half of cycles.
 comment.   At least this many cycles should be discarded.
 comment.
 comment. Source entropy convergence check passed. 
 comment.

 final k(col/abs/trk len) = 0.45687     std dev = 0.00113


                              ctm =        0.68   nrn =          81362257
 dump    2 on file i_r   nps =       49458   coll =          6950909
 tally data written to file i_m
 mcrun  is done

